<?xml version="1.0" encoding="UTF-8"?>
<testng-results ignored="0" total="1" passed="1" failed="0" skipped="0">
  <reporter-output>
  </reporter-output>
  <suite started-at="2023-02-01T15:16:03 IST" name="Default suite" finished-at="2023-02-01T15:16:11 IST" duration-ms="8151">
    <groups>
    </groups>
    <test started-at="2023-02-01T15:16:03 IST" name="Default test" finished-at="2023-02-01T15:16:11 IST" duration-ms="8151">
      <class name="PetStore.PetStore">
        <test-method signature="petstore()[pri:0, instance:PetStore.PetStore@43dac38f]" started-at="2023-02-01T15:16:03 IST" name="petstore" finished-at="2023-02-01T15:16:11 IST" duration-ms="8127" status="PASS">
          <reporter-output>
          </reporter-output>
        </test-method> <!-- petstore -->
      </class> <!-- PetStore.PetStore -->
    </test> <!-- Default test -->
  </suite> <!-- Default suite -->
</testng-results>
